<?xml version="1.0" encoding="UTF-8"?>
<testsuite name="com.example.demo.memo.MemoApplicationTests" tests="1" skipped="0" failures="0" errors="0" timestamp="2021-05-31T03:42:07" hostname="c0fe0d88b858" time="1.778">
  <properties/>
  <testcase name="contextLoads()" classname="com.example.demo.memo.MemoApplicationTests" time="1.778"/>
  <system-out><![CDATA[03:41:58.925 [Test worker] DEBUG org.springframework.test.context.BootstrapUtils - Instantiating CacheAwareContextLoaderDelegate from class [org.springframework.test.context.cache.DefaultCacheAwareContextLoaderDelegate]
03:41:58.981 [Test worker] DEBUG org.springframework.test.context.BootstrapUtils - Instantiating BootstrapContext using constructor [public org.springframework.test.context.support.DefaultBootstrapContext(java.lang.Class,org.springframework.test.context.CacheAwareContextLoaderDelegate)]
03:41:59.104 [Test worker] DEBUG org.springframework.test.context.BootstrapUtils - Instantiating TestContextBootstrapper for test class [com.example.demo.memo.MemoApplicationTests] from class [org.springframework.boot.test.context.SpringBootTestContextBootstrapper]
03:41:59.160 [Test worker] INFO org.springframework.boot.test.context.SpringBootTestContextBootstrapper - Neither @ContextConfiguration nor @ContextHierarchy found for test class [com.example.demo.memo.MemoApplicationTests], using SpringBootContextLoader
03:41:59.177 [Test worker] DEBUG org.springframework.test.context.support.AbstractContextLoader - Did not detect default resource location for test class [com.example.demo.memo.MemoApplicationTests]: class path resource [com/example/demo/memo/MemoApplicationTests-context.xml] does not exist
03:41:59.179 [Test worker] DEBUG org.springframework.test.context.support.AbstractContextLoader - Did not detect default resource location for test class [com.example.demo.memo.MemoApplicationTests]: class path resource [com/example/demo/memo/MemoApplicationTestsContext.groovy] does not exist
03:41:59.180 [Test worker] INFO org.springframework.test.context.support.AbstractContextLoader - Could not detect default resource locations for test class [com.example.demo.memo.MemoApplicationTests]: no resource found for suffixes {-context.xml, Context.groovy}.
03:41:59.182 [Test worker] INFO org.springframework.test.context.support.AnnotationConfigContextLoaderUtils - Could not detect default configuration classes for test class [com.example.demo.memo.MemoApplicationTests]: MemoApplicationTests does not declare any static, non-private, non-final, nested classes annotated with @Configuration.
03:41:59.358 [Test worker] DEBUG org.springframework.test.context.support.ActiveProfilesUtils - Could not find an 'annotation declaring class' for annotation type [org.springframework.test.context.ActiveProfiles] and class [com.example.demo.memo.MemoApplicationTests]
03:41:59.570 [Test worker] DEBUG org.springframework.context.annotation.ClassPathScanningCandidateComponentProvider - Identified candidate component class: file [/srv/build/classes/java/main/com/example/demo/memo/Main.class]
03:41:59.574 [Test worker] INFO org.springframework.boot.test.context.SpringBootTestContextBootstrapper - Found @SpringBootConfiguration com.example.demo.memo.Main for test class com.example.demo.memo.MemoApplicationTests
03:42:00.043 [Test worker] DEBUG org.springframework.boot.test.context.SpringBootTestContextBootstrapper - @TestExecutionListeners is not present for class [com.example.demo.memo.MemoApplicationTests]: using defaults.
03:42:00.046 [Test worker] INFO org.springframework.boot.test.context.SpringBootTestContextBootstrapper - Loaded default TestExecutionListener class names from location [META-INF/spring.factories]: [org.springframework.boot.test.autoconfigure.restdocs.RestDocsTestExecutionListener, org.springframework.boot.test.autoconfigure.web.client.MockRestServiceServerResetTestExecutionListener, org.springframework.boot.test.autoconfigure.web.servlet.MockMvcPrintOnlyOnFailureTestExecutionListener, org.springframework.boot.test.autoconfigure.web.servlet.WebDriverTestExecutionListener, org.springframework.boot.test.autoconfigure.webservices.client.MockWebServiceServerTestExecutionListener, org.springframework.boot.test.mock.mockito.MockitoTestExecutionListener, org.springframework.boot.test.mock.mockito.ResetMocksTestExecutionListener, org.springframework.test.context.web.ServletTestExecutionListener, org.springframework.test.context.support.DirtiesContextBeforeModesTestExecutionListener, org.springframework.test.context.event.ApplicationEventsTestExecutionListener, org.springframework.test.context.support.DependencyInjectionTestExecutionListener, org.springframework.test.context.support.DirtiesContextTestExecutionListener, org.springframework.test.context.transaction.TransactionalTestExecutionListener, org.springframework.test.context.jdbc.SqlScriptsTestExecutionListener, org.springframework.test.context.event.EventPublishingTestExecutionListener]
03:42:00.114 [Test worker] DEBUG org.springframework.boot.test.context.SpringBootTestContextBootstrapper - Skipping candidate TestExecutionListener [org.springframework.test.context.transaction.TransactionalTestExecutionListener] due to a missing dependency. Specify custom listener classes or make the default listener classes and their required dependencies available. Offending class: [org/springframework/transaction/interceptor/TransactionAttributeSource]
03:42:00.116 [Test worker] DEBUG org.springframework.boot.test.context.SpringBootTestContextBootstrapper - Skipping candidate TestExecutionListener [org.springframework.test.context.jdbc.SqlScriptsTestExecutionListener] due to a missing dependency. Specify custom listener classes or make the default listener classes and their required dependencies available. Offending class: [org/springframework/transaction/interceptor/TransactionAttribute]
03:42:00.117 [Test worker] INFO org.springframework.boot.test.context.SpringBootTestContextBootstrapper - Using TestExecutionListeners: [org.springframework.test.context.web.ServletTestExecutionListener@79ef6fdf, org.springframework.test.context.support.DirtiesContextBeforeModesTestExecutionListener@354e01fc, org.springframework.test.context.event.ApplicationEventsTestExecutionListener@3fe3f327, org.springframework.boot.test.mock.mockito.MockitoTestExecutionListener@6369d881, org.springframework.boot.test.autoconfigure.SpringBootDependencyInjectionTestExecutionListener@617ac2a4, org.springframework.test.context.support.DirtiesContextTestExecutionListener@247e6e96, org.springframework.test.context.event.EventPublishingTestExecutionListener@4a4dbf5, org.springframework.boot.test.autoconfigure.restdocs.RestDocsTestExecutionListener@29a4b630, org.springframework.boot.test.autoconfigure.web.client.MockRestServiceServerResetTestExecutionListener@1e7c3e42, org.springframework.boot.test.autoconfigure.web.servlet.MockMvcPrintOnlyOnFailureTestExecutionListener@49a1f9c5, org.springframework.boot.test.autoconfigure.web.servlet.WebDriverTestExecutionListener@6b78f877, org.springframework.boot.test.autoconfigure.webservices.client.MockWebServiceServerTestExecutionListener@6761c61e, org.springframework.boot.test.mock.mockito.ResetMocksTestExecutionListener@18907a9e]
03:42:00.134 [Test worker] DEBUG org.springframework.test.context.support.AbstractDirtiesContextTestExecutionListener - Before test class: context [DefaultTestContext@76dc87b testClass = MemoApplicationTests, testInstance = [null], testMethod = [null], testException = [null], mergedContextConfiguration = [WebMergedContextConfiguration@1bc7fd8b testClass = MemoApplicationTests, locations = '{}', classes = '{class com.example.demo.memo.Main}', contextInitializerClasses = '[]', activeProfiles = '{}', propertySourceLocations = '{}', propertySourceProperties = '{org.springframework.boot.test.context.SpringBootTestContextBootstrapper=true}', contextCustomizers = set[org.springframework.boot.test.autoconfigure.actuate.metrics.MetricsExportContextCustomizerFactory$DisableMetricExportContextCustomizer@4db32909, org.springframework.boot.test.autoconfigure.properties.PropertyMappingContextCustomizer@0, org.springframework.boot.test.autoconfigure.web.servlet.WebDriverContextCustomizerFactory$Customizer@7d340ea, org.springframework.boot.test.context.filter.ExcludeFilterContextCustomizer@74c21bfc, org.springframework.boot.test.json.DuplicateJsonObjectContextCustomizerFactory$DuplicateJsonObjectContextCustomizer@5a896da8, org.springframework.boot.test.mock.mockito.MockitoContextCustomizer@0, org.springframework.boot.test.web.client.TestRestTemplateContextCustomizer@32084d34, org.springframework.boot.test.context.SpringBootTestArgs@1, org.springframework.boot.test.context.SpringBootTestWebEnvironment@63a0188], resourceBasePath = 'src/main/webapp', contextLoader = 'org.springframework.boot.test.context.SpringBootContextLoader', parent = [null]], attributes = map['org.springframework.test.context.web.ServletTestExecutionListener.activateListener' -> true]], class annotated with @DirtiesContext [false] with mode [null].
03:42:00.268 [Test worker] DEBUG org.springframework.test.context.support.TestPropertySourceUtils - Adding inlined properties to environment: {spring.jmx.enabled=false, org.springframework.boot.test.context.SpringBootTestContextBootstrapper=true}

  .   ____          _            __ _ _
 /\\ / ___'_ __ _ _(_)_ __  __ _ \ \ \ \
( ( )\___ | '_ | '_| | '_ \/ _` | \ \ \ \
 \\/  ___)| |_)| | | | | || (_| |  ) ) ) )
  '  |____| .__|_| |_|_| |_\__, | / / / /
 =========|_|==============|___/=/_/_/_/
 :: Spring Boot ::                (v2.4.5)

2021-05-31 03:42:01.323  INFO 868 --- [    Test worker] c.e.demo.memo.MemoApplicationTests       : Starting MemoApplicationTests using Java 14.0.2 on c0fe0d88b858 with PID 868 (started by root in /srv)
2021-05-31 03:42:01.328  INFO 868 --- [    Test worker] c.e.demo.memo.MemoApplicationTests       : No active profile set, falling back to default profiles: default
2021-05-31 03:42:05.703  INFO 868 --- [    Test worker] o.s.s.concurrent.ThreadPoolTaskExecutor  : Initializing ExecutorService 'applicationTaskExecutor'
2021-05-31 03:42:07.501  INFO 868 --- [    Test worker] c.e.demo.memo.MemoApplicationTests       : Started MemoApplicationTests in 7.208 seconds (JVM running for 9.925)
]]></system-out>
  <system-err><![CDATA[]]></system-err>
</testsuite>
